app/build/intermediates/manifest_merge_blame_file/debug/manifest-merger-blame-debug-report.txt
1<?xml version="1.0" encoding="utf-8"?>
2<manifest xmlns:android="http://schemas.android.com/apk/res/android"
3    package="com.example.dessertshopserver"
4    android:versionCode="1"
5    android:versionName="1.0" >
6
7    <uses-sdk
8        android:minSdkVersion="21"
8-->src\main\AndroidManifest.xml
9        android:targetSdkVersion="29" />
9-->src\main\AndroidManifest.xml
10
11    <uses-permission android:name="android.permission.CALL_PHONE" />
11-->src\main\AndroidManifest.xml:5:5-69
11-->src\main\AndroidManifest.xml:5:22-66
12    <uses-permission android:name="android.permission.INTERNET" />
12-->src\main\AndroidManifest.xml:6:5-67
12-->src\main\AndroidManifest.xml:6:22-64
13    <uses-permission android:name="android.permission.WRITE_EXTERNAL_STORAGE" />
13-->src\main\AndroidManifest.xml:7:5-81
13-->src\main\AndroidManifest.xml:7:22-78
14    <uses-permission android:name="android.permission.READ_EXTERNAL_STORAGE" />
14-->src\main\AndroidManifest.xml:8:5-80
14-->src\main\AndroidManifest.xml:8:22-77
15
16    <!-- Although the *SdkVersion is captured in gradle build files, this is required for non gradle builds -->
17    <!-- <uses-sdk android:minSdkVersion="14"/> -->
18    <uses-permission android:name="android.permission.ACCESS_NETWORK_STATE" />
18-->[com.google.firebase:firebase-storage:19.1.1] AndroidManifest.xml:26:5-79
18-->[com.google.firebase:firebase-storage:19.1.1] AndroidManifest.xml:26:22-76
19    <uses-permission android:name="android.permission.WAKE_LOCK" />
19-->[com.google.android.gms:play-services-measurement:17.4.1] AndroidManifest.xml:25:5-68
19-->[com.google.android.gms:play-services-measurement:17.4.1] AndroidManifest.xml:25:22-65
20    <uses-permission android:name="com.google.android.finsky.permission.BIND_GET_INSTALL_REFERRER_SERVICE" /> <!-- Required by older versions of Google Play services to create IID tokens -->
20-->[com.google.android.gms:play-services-measurement:17.4.1] AndroidManifest.xml:26:5-110
20-->[com.google.android.gms:play-services-measurement:17.4.1] AndroidManifest.xml:26:22-107
21    <uses-permission android:name="com.google.android.c2dm.permission.RECEIVE" />
21-->[com.google.firebase:firebase-iid:20.1.5] AndroidManifest.xml:26:5-82
21-->[com.google.firebase:firebase-iid:20.1.5] AndroidManifest.xml:26:22-79
22
23    <application
23-->src\main\AndroidManifest.xml:10:5-38:19
24        android:allowBackup="true"
24-->src\main\AndroidManifest.xml:11:9-35
25        android:appComponentFactory="androidx.core.app.CoreComponentFactory"
25-->[androidx.core:core:1.1.0] AndroidManifest.xml:24:18-86
26        android:debuggable="true"
27        android:icon="@mipmap/ic_launcher"
27-->src\main\AndroidManifest.xml:12:9-43
28        android:label="@string/app_name"
28-->src\main\AndroidManifest.xml:13:9-41
29        android:roundIcon="@mipmap/ic_launcher_round"
29-->src\main\AndroidManifest.xml:14:9-54
30        android:supportsRtl="true"
30-->src\main\AndroidManifest.xml:15:9-35
31        android:testOnly="true"
32        android:theme="@style/AppTheme" >
32-->src\main\AndroidManifest.xml:16:9-40
33        <activity android:name="com.example.dessertshopserver.OrderDetail" />
33-->src\main\AndroidManifest.xml:17:9-58
33-->src\main\AndroidManifest.xml:17:19-46
34
35        <service
35-->src\main\AndroidManifest.xml:19:9-22:39
36            android:name="com.example.dessertshopserver.Service.ListenOrder"
36-->src\main\AndroidManifest.xml:20:13-48
37            android:enabled="true"
37-->src\main\AndroidManifest.xml:21:13-35
38            android:exported="true" />
38-->src\main\AndroidManifest.xml:22:13-36
39
40        <activity android:name="com.example.dessertshopserver.OrderStatus" />
40-->src\main\AndroidManifest.xml:24:9-49
40-->src\main\AndroidManifest.xml:24:19-46
41        <activity android:name="com.example.dessertshopserver.FoodList" />
41-->src\main\AndroidManifest.xml:25:9-46
41-->src\main\AndroidManifest.xml:25:19-43
42        <activity
42-->src\main\AndroidManifest.xml:26:9-29:59
43            android:name="com.example.dessertshopserver.home"
43-->src\main\AndroidManifest.xml:27:13-33
44            android:label="@string/title_activity_home"
44-->src\main\AndroidManifest.xml:28:13-56
45            android:theme="@style/AppTheme.NoActionBar" />
45-->src\main\AndroidManifest.xml:29:13-56
46        <activity android:name="com.example.dessertshopserver.SignIn" />
46-->src\main\AndroidManifest.xml:30:9-44
46-->src\main\AndroidManifest.xml:30:19-41
47        <activity android:name="com.example.dessertshopserver.MainActivity" >
47-->src\main\AndroidManifest.xml:31:9-37:20
47-->src\main\AndroidManifest.xml:31:19-47
48            <intent-filter>
48-->src\main\AndroidManifest.xml:32:13-36:29
49                <action android:name="android.intent.action.MAIN" />
49-->src\main\AndroidManifest.xml:33:17-69
49-->src\main\AndroidManifest.xml:33:25-66
50
51                <category android:name="android.intent.category.LAUNCHER" />
51-->src\main\AndroidManifest.xml:35:17-77
51-->src\main\AndroidManifest.xml:35:27-74
52            </intent-filter>
53        </activity>
54
55        <service
55-->[com.google.firebase:firebase-storage:19.1.1] AndroidManifest.xml:30:9-36:19
56            android:name="com.google.firebase.components.ComponentDiscoveryService"
56-->[com.google.firebase:firebase-storage:19.1.1] AndroidManifest.xml:31:13-84
57            android:directBootAware="true"
57-->[com.google.firebase:firebase-common:19.3.0] AndroidManifest.xml:34:13-43
58            android:exported="false" >
58-->[com.google.firebase:firebase-storage:19.1.1] AndroidManifest.xml:32:13-37
59            <meta-data
59-->[com.google.firebase:firebase-storage:19.1.1] AndroidManifest.xml:33:13-35:85
60                android:name="com.google.firebase.components:com.google.firebase.storage.StorageRegistrar"
60-->[com.google.firebase:firebase-storage:19.1.1] AndroidManifest.xml:34:17-107
61                android:value="com.google.firebase.components.ComponentRegistrar" />
61-->[com.google.firebase:firebase-storage:19.1.1] AndroidManifest.xml:35:17-82
62            <meta-data
62-->[com.google.firebase:firebase-auth:19.3.1] AndroidManifest.xml:36:13-38:85
63                android:name="com.google.firebase.components:com.google.firebase.auth.FirebaseAuthRegistrar"
63-->[com.google.firebase:firebase-auth:19.3.1] AndroidManifest.xml:37:17-109
64                android:value="com.google.firebase.components.ComponentRegistrar" />
64-->[com.google.firebase:firebase-auth:19.3.1] AndroidManifest.xml:38:17-82
65            <meta-data
65-->[com.google.firebase:firebase-database:19.3.0] AndroidManifest.xml:32:13-34:85
66                android:name="com.google.firebase.components:com.google.firebase.database.DatabaseRegistrar"
66-->[com.google.firebase:firebase-database:19.3.0] AndroidManifest.xml:33:17-109
67                android:value="com.google.firebase.components.ComponentRegistrar" />
67-->[com.google.firebase:firebase-database:19.3.0] AndroidManifest.xml:34:17-82
68            <meta-data
68-->[com.google.android.gms:play-services-measurement-api:17.4.1] AndroidManifest.xml:30:13-32:85
69                android:name="com.google.firebase.components:com.google.firebase.analytics.connector.internal.AnalyticsConnectorRegistrar"
69-->[com.google.android.gms:play-services-measurement-api:17.4.1] AndroidManifest.xml:31:17-139
70                android:value="com.google.firebase.components.ComponentRegistrar" />
70-->[com.google.android.gms:play-services-measurement-api:17.4.1] AndroidManifest.xml:32:17-82
71            <meta-data
71-->[com.google.firebase:firebase-iid:20.1.5] AndroidManifest.xml:32:13-34:85
72                android:name="com.google.firebase.components:com.google.firebase.iid.Registrar"
72-->[com.google.firebase:firebase-iid:20.1.5] AndroidManifest.xml:33:17-96
73                android:value="com.google.firebase.components.ComponentRegistrar" />
73-->[com.google.firebase:firebase-iid:20.1.5] AndroidManifest.xml:34:17-82
74            <meta-data
74-->[com.google.firebase:firebase-installations:16.2.1] AndroidManifest.xml:17:13-19:85
75                android:name="com.google.firebase.components:com.google.firebase.installations.FirebaseInstallationsRegistrar"
75-->[com.google.firebase:firebase-installations:16.2.1] AndroidManifest.xml:18:17-127
76                android:value="com.google.firebase.components.ComponentRegistrar" />
76-->[com.google.firebase:firebase-installations:16.2.1] AndroidManifest.xml:19:17-82
77        </service>
78
79        <activity
79-->[com.google.firebase:firebase-auth:19.3.1] AndroidManifest.xml:24:9-31:50
80            android:name="com.google.firebase.auth.internal.FederatedSignInActivity"
80-->[com.google.firebase:firebase-auth:19.3.1] AndroidManifest.xml:25:13-85
81            android:excludeFromRecents="true"
81-->[com.google.firebase:firebase-auth:19.3.1] AndroidManifest.xml:26:13-46
82            android:exported="true"
82-->[com.google.firebase:firebase-auth:19.3.1] AndroidManifest.xml:27:13-36
83            android:launchMode="singleTask"
83-->[com.google.firebase:firebase-auth:19.3.1] AndroidManifest.xml:28:13-44
84            android:permission="com.google.firebase.auth.api.gms.permission.LAUNCH_FEDERATED_SIGN_IN"
84-->[com.google.firebase:firebase-auth:19.3.1] AndroidManifest.xml:29:13-102
85            android:theme="@android:style/Theme.Translucent.NoTitleBar" />
85-->[com.google.firebase:firebase-auth:19.3.1] AndroidManifest.xml:30:13-72
86
87        <receiver
87-->[com.google.android.gms:play-services-measurement:17.4.1] AndroidManifest.xml:29:9-33:20
88            android:name="com.google.android.gms.measurement.AppMeasurementReceiver"
88-->[com.google.android.gms:play-services-measurement:17.4.1] AndroidManifest.xml:30:13-85
89            android:enabled="true"
89-->[com.google.android.gms:play-services-measurement:17.4.1] AndroidManifest.xml:31:13-35
90            android:exported="false" >
90-->[com.google.android.gms:play-services-measurement:17.4.1] AndroidManifest.xml:32:13-37
91        </receiver>
92
93        <service
93-->[com.google.android.gms:play-services-measurement:17.4.1] AndroidManifest.xml:35:9-38:40
94            android:name="com.google.android.gms.measurement.AppMeasurementService"
94-->[com.google.android.gms:play-services-measurement:17.4.1] AndroidManifest.xml:36:13-84
95            android:enabled="true"
95-->[com.google.android.gms:play-services-measurement:17.4.1] AndroidManifest.xml:37:13-35
96            android:exported="false" />
96-->[com.google.android.gms:play-services-measurement:17.4.1] AndroidManifest.xml:38:13-37
97        <service
97-->[com.google.android.gms:play-services-measurement:17.4.1] AndroidManifest.xml:39:9-43:72
98            android:name="com.google.android.gms.measurement.AppMeasurementJobService"
98-->[com.google.android.gms:play-services-measurement:17.4.1] AndroidManifest.xml:40:13-87
99            android:enabled="true"
99-->[com.google.android.gms:play-services-measurement:17.4.1] AndroidManifest.xml:41:13-35
100            android:exported="false"
100-->[com.google.android.gms:play-services-measurement:17.4.1] AndroidManifest.xml:42:13-37
101            android:permission="android.permission.BIND_JOB_SERVICE" />
101-->[com.google.android.gms:play-services-measurement:17.4.1] AndroidManifest.xml:43:13-69
102
103        <receiver
103-->[com.google.firebase:firebase-iid:20.1.5] AndroidManifest.xml:37:9-44:20
104            android:name="com.google.firebase.iid.FirebaseInstanceIdReceiver"
104-->[com.google.firebase:firebase-iid:20.1.5] AndroidManifest.xml:38:13-78
105            android:exported="true"
105-->[com.google.firebase:firebase-iid:20.1.5] AndroidManifest.xml:39:13-36
106            android:permission="com.google.android.c2dm.permission.SEND" >
106-->[com.google.firebase:firebase-iid:20.1.5] AndroidManifest.xml:40:13-73
107            <intent-filter>
107-->[com.google.firebase:firebase-iid:20.1.5] AndroidManifest.xml:41:13-43:29
108                <action android:name="com.google.android.c2dm.intent.RECEIVE" />
108-->[com.google.firebase:firebase-iid:20.1.5] AndroidManifest.xml:42:17-81
108-->[com.google.firebase:firebase-iid:20.1.5] AndroidManifest.xml:42:25-78
109            </intent-filter>
110        </receiver>
111
112        <activity
112-->[com.google.android.gms:play-services-base:17.1.0] AndroidManifest.xml:23:9-26:75
113            android:name="com.google.android.gms.common.api.GoogleApiActivity"
113-->[com.google.android.gms:play-services-base:17.1.0] AndroidManifest.xml:24:13-79
114            android:exported="false"
114-->[com.google.android.gms:play-services-base:17.1.0] AndroidManifest.xml:25:13-37
115            android:theme="@android:style/Theme.Translucent.NoTitleBar" />
115-->[com.google.android.gms:play-services-base:17.1.0] AndroidManifest.xml:26:13-72
116
117        <provider
117-->[com.google.firebase:firebase-common:19.3.0] AndroidManifest.xml:26:9-30:39
118            android:name="com.google.firebase.provider.FirebaseInitProvider"
118-->[com.google.firebase:firebase-common:19.3.0] AndroidManifest.xml:27:13-77
119            android:authorities="com.example.dessertshopserver.firebaseinitprovider"
119-->[com.google.firebase:firebase-common:19.3.0] AndroidManifest.xml:28:13-72
120            android:exported="false"
120-->[com.google.firebase:firebase-common:19.3.0] AndroidManifest.xml:29:13-37
121            android:initOrder="100" />
121-->[com.google.firebase:firebase-common:19.3.0] AndroidManifest.xml:30:13-36
122
123        <meta-data
123-->[com.google.android.gms:play-services-basement:17.0.0] AndroidManifest.xml:23:9-25:69
124            android:name="com.google.android.gms.version"
124-->[com.google.android.gms:play-services-basement:17.0.0] AndroidManifest.xml:24:13-58
125            android:value="@integer/google_play_services_version" />
125-->[com.google.android.gms:play-services-basement:17.0.0] AndroidManifest.xml:25:13-66
126
127        <provider
127-->[androidx.lifecycle:lifecycle-process:2.2.0] AndroidManifest.xml:25:9-29:43
128            android:name="androidx.lifecycle.ProcessLifecycleOwnerInitializer"
128-->[androidx.lifecycle:lifecycle-process:2.2.0] AndroidManifest.xml:26:13-79
129            android:authorities="com.example.dessertshopserver.lifecycle-process"
129-->[androidx.lifecycle:lifecycle-process:2.2.0] AndroidManifest.xml:27:13-69
130            android:exported="false"
130-->[androidx.lifecycle:lifecycle-process:2.2.0] AndroidManifest.xml:28:13-37
131            android:multiprocess="true" />
131-->[androidx.lifecycle:lifecycle-process:2.2.0] AndroidManifest.xml:29:13-40
132    </application>
133
134</manifest>